%!Adobe-FontList 1.18
%Locale:0x409

%BeginFont
Handler:DirectoryHandler
FontType:Type1
FontName:HKGrotesk-Bold
FamilyName:HK Grotesk
StyleName:Bold
MenuName:HK Grotesk
StyleBits:2
WeightClass:700
WidthClass:5
AngleClass:0
FullName:HK Grotesk Bold
WritingScript:Roman
OutlineFileName:\HKGrotesk-Bold.otf
DataFormat:sfntData
UsesStandardEncoding:yes
isCFF:yes
hasSVG:no
FileLength:83492
FileModTime:1489916880
NameArray:0,Mac,4,HK Grotesk Bold
NameArray:0,Win,1,HK Grotesk
%EndFont

%BeginFont
Handler:DirectoryHandler
FontType:Type1
FontName:HKGrotesk-Light
FamilyName:HK Grotesk
StyleName:Light
MenuName:HK Grotesk Light
StyleBits:0
WeightClass:300
WidthClass:5
AngleClass:0
FullName:HK Grotesk Light
WritingScript:Roman
OutlineFileName:\HKGrotesk-Light.otf
DataFormat:sfntData
UsesStandardEncoding:yes
isCFF:yes
hasSVG:no
FileLength:84504
FileModTime:1489916868
NameArray:0,Mac,4,HK Grotesk Light
NameArray:0,Win,1,HK Grotesk Light
NameArray:0,Win,16,HK Grotesk
%EndFont

